app/build/intermediates/manifest_merge_blame_file/debug/manifest-merger-blame-debug-report.txt
1<?xml version="1.0" encoding="utf-8"?>
2<manifest xmlns:android="http://schemas.android.com/apk/res/android"
3    package="com.example.tactalk"
4    android:versionCode="1"
5    android:versionName="1.0" >
6
7    <uses-sdk
8        android:minSdkVersion="19"
8-->src\main\AndroidManifest.xml
9        android:targetSdkVersion="30" />
9-->src\main\AndroidManifest.xml
10
11    <uses-permission android:name="android.permission.INTERNET" />
11-->src\main\AndroidManifest.xml:6:5-67
11-->src\main\AndroidManifest.xml:6:22-64
12    <uses-permission android:name="android.permission.RECORD_AUDIO" />
12-->src\main\AndroidManifest.xml:7:5-70
12-->src\main\AndroidManifest.xml:7:22-68
13    <uses-permission android:name="android.permission.WRITE_EXTERNAL_STORAGE" />
13-->src\main\AndroidManifest.xml:8:5-9:40
13-->src\main\AndroidManifest.xml:8:22-78
14    <uses-permission android:name="android.permission.READ_EXTERNAL_STORAGE" />
14-->src\main\AndroidManifest.xml:10:5-79
14-->src\main\AndroidManifest.xml:10:22-77
15    <!-- Although the *SdkVersion is captured in gradle build files, this is required for non gradle builds -->
16    <!-- <uses-sdk android:minSdkVersion="14"/> -->
17    <uses-permission android:name="android.permission.ACCESS_NETWORK_STATE" />
17-->[com.google.firebase:firebase-storage:19.2.1] AndroidManifest.xml:26:5-79
17-->[com.google.firebase:firebase-storage:19.2.1] AndroidManifest.xml:26:22-76
18
19    <application
19-->src\main\AndroidManifest.xml:12:5-38:19
20        android:name="androidx.multidex.MultiDexApplication"
21        android:allowBackup="true"
21-->src\main\AndroidManifest.xml:13:9-35
22        android:appComponentFactory="androidx.core.app.CoreComponentFactory"
22-->[androidx.core:core:1.3.2] AndroidManifest.xml:24:18-86
23        android:debuggable="true"
24        android:icon="@mipmap/ic_launcher"
24-->src\main\AndroidManifest.xml:14:9-43
25        android:label="@string/app_name"
25-->src\main\AndroidManifest.xml:15:9-41
26        android:roundIcon="@mipmap/ic_launcher_round"
26-->src\main\AndroidManifest.xml:16:9-54
27        android:supportsRtl="true"
27-->src\main\AndroidManifest.xml:17:9-35
28        android:testOnly="true"
29        android:theme="@style/Theme.TacTalk" >
29-->src\main\AndroidManifest.xml:18:9-45
30        <activity android:name="com.example.tactalk.login.LoginFragment" >
30-->src\main\AndroidManifest.xml:19:9-25:20
30-->src\main\AndroidManifest.xml:19:19-54
31            <intent-filter>
31-->src\main\AndroidManifest.xml:20:13-24:29
32                <action android:name="android.intent.action.MAIN" />
32-->src\main\AndroidManifest.xml:21:17-69
32-->src\main\AndroidManifest.xml:21:25-66
33
34                <category android:name="android.intent.category.LAUNCHER" />
34-->src\main\AndroidManifest.xml:23:17-77
34-->src\main\AndroidManifest.xml:23:27-74
35            </intent-filter>
36        </activity>
37        <activity android:name="com.example.tactalk.register.RegisterFragment" />
37-->src\main\AndroidManifest.xml:26:9-63
37-->src\main\AndroidManifest.xml:26:19-60
38        <!-- <activity android:name=".activity.LoginFragment" /> -->
39        <activity android:name="com.example.tactalk.recording.RecordingPageFragment" />
39-->src\main\AndroidManifest.xml:28:9-69
39-->src\main\AndroidManifest.xml:28:19-66
40        <activity android:name="com.example.tactalk.main.MainMenuFragment" />
40-->src\main\AndroidManifest.xml:29:9-59
40-->src\main\AndroidManifest.xml:29:19-56
41        <activity android:name="com.example.tactalk.HomeFragment" />
41-->src\main\AndroidManifest.xml:30:9-50
41-->src\main\AndroidManifest.xml:30:19-47
42        <activity android:name="com.example.tactalk.statistics.StatisticFragment" />
42-->src\main\AndroidManifest.xml:31:9-66
42-->src\main\AndroidManifest.xml:31:19-63
43        <activity android:name="com.example.tactalk.EndGameFragment" />
43-->src\main\AndroidManifest.xml:32:9-53
43-->src\main\AndroidManifest.xml:32:19-50
44        <activity android:name="com.example.tactalk.user.UserFragment" />
44-->src\main\AndroidManifest.xml:33:9-55
44-->src\main\AndroidManifest.xml:33:19-52
45
46        <meta-data
46-->src\main\AndroidManifest.xml:35:9-37:57
47            android:name="preloaded_fonts"
47-->src\main\AndroidManifest.xml:36:13-43
48            android:resource="@array/preloaded_fonts" />
48-->src\main\AndroidManifest.xml:37:13-54
49
50        <service
50-->[com.google.firebase:firebase-storage-ktx:19.2.1] AndroidManifest.xml:12:9-18:19
51            android:name="com.google.firebase.components.ComponentDiscoveryService"
51-->[com.google.firebase:firebase-storage-ktx:19.2.1] AndroidManifest.xml:13:13-84
52            android:directBootAware="true"
52-->[com.google.firebase:firebase-common:19.5.0] AndroidManifest.xml:35:13-43
53            android:exported="false" >
53-->[com.google.firebase:firebase-storage-ktx:19.2.1] AndroidManifest.xml:14:13-37
54            <meta-data
54-->[com.google.firebase:firebase-storage-ktx:19.2.1] AndroidManifest.xml:15:13-17:85
55                android:name="com.google.firebase.components:com.google.firebase.storage.ktx.FirebaseStorageKtxRegistrar"
55-->[com.google.firebase:firebase-storage-ktx:19.2.1] AndroidManifest.xml:16:17-122
56                android:value="com.google.firebase.components.ComponentRegistrar" />
56-->[com.google.firebase:firebase-storage-ktx:19.2.1] AndroidManifest.xml:17:17-82
57            <meta-data
57-->[com.google.firebase:firebase-common-ktx:19.5.0] AndroidManifest.xml:15:13-17:85
58                android:name="com.google.firebase.components:com.google.firebase.ktx.FirebaseCommonKtxRegistrar"
58-->[com.google.firebase:firebase-common-ktx:19.5.0] AndroidManifest.xml:16:17-113
59                android:value="com.google.firebase.components.ComponentRegistrar" />
59-->[com.google.firebase:firebase-common-ktx:19.5.0] AndroidManifest.xml:17:17-82
60            <meta-data
60-->[com.google.firebase:firebase-storage:19.2.1] AndroidManifest.xml:33:13-35:85
61                android:name="com.google.firebase.components:com.google.firebase.storage.StorageRegistrar"
61-->[com.google.firebase:firebase-storage:19.2.1] AndroidManifest.xml:34:17-107
62                android:value="com.google.firebase.components.ComponentRegistrar" />
62-->[com.google.firebase:firebase-storage:19.2.1] AndroidManifest.xml:35:17-82
63            <!--
64                This registrar is not defined in the dynamic-module-support sdk itself to allow non-firebase
65                clients to use it as well, by defining this registrar in their own core/common library.
66            -->
67            <meta-data
67-->[com.google.firebase:firebase-common:19.5.0] AndroidManifest.xml:43:13-45:85
68                android:name="com.google.firebase.components:com.google.firebase.dynamicloading.DynamicLoadingRegistrar"
68-->[com.google.firebase:firebase-common:19.5.0] AndroidManifest.xml:44:17-121
69                android:value="com.google.firebase.components.ComponentRegistrar" />
69-->[com.google.firebase:firebase-common:19.5.0] AndroidManifest.xml:45:17-82
70        </service>
71
72        <provider
72-->[com.google.firebase:firebase-common:19.5.0] AndroidManifest.xml:26:9-31:39
73            android:name="com.google.firebase.provider.FirebaseInitProvider"
73-->[com.google.firebase:firebase-common:19.5.0] AndroidManifest.xml:27:13-77
74            android:authorities="com.example.tactalk.firebaseinitprovider"
74-->[com.google.firebase:firebase-common:19.5.0] AndroidManifest.xml:28:13-72
75            android:directBootAware="true"
75-->[com.google.firebase:firebase-common:19.5.0] AndroidManifest.xml:29:13-43
76            android:exported="false"
76-->[com.google.firebase:firebase-common:19.5.0] AndroidManifest.xml:30:13-37
77            android:initOrder="100" />
77-->[com.google.firebase:firebase-common:19.5.0] AndroidManifest.xml:31:13-36
78
79        <activity
79-->[com.google.android.gms:play-services-base:17.0.0] AndroidManifest.xml:23:9-26:75
80            android:name="com.google.android.gms.common.api.GoogleApiActivity"
80-->[com.google.android.gms:play-services-base:17.0.0] AndroidManifest.xml:24:13-79
81            android:exported="false"
81-->[com.google.android.gms:play-services-base:17.0.0] AndroidManifest.xml:25:13-37
82            android:theme="@android:style/Theme.Translucent.NoTitleBar" />
82-->[com.google.android.gms:play-services-base:17.0.0] AndroidManifest.xml:26:13-72
83
84        <meta-data
84-->[com.google.android.gms:play-services-basement:17.0.0] AndroidManifest.xml:23:9-25:69
85            android:name="com.google.android.gms.version"
85-->[com.google.android.gms:play-services-basement:17.0.0] AndroidManifest.xml:24:13-58
86            android:value="@integer/google_play_services_version" />
86-->[com.google.android.gms:play-services-basement:17.0.0] AndroidManifest.xml:25:13-66
87    </application>
88
89</manifest>